<?xml version="1.0" encoding="UTF-8"?>
<!-- Generated by org.testng.reporters.JUnitXMLReporter -->
<testsuite ignored="6" hostname="DESKTOP-M9BLJAP" failures="0" tests="6" name="Default test" time="27.2" errors="0" timestamp="2024-06-30T22:04:38 EET">
  <testcase classname="MyTestCases" name="closeWindow" time="2.197"/>
  <testcase classname="MyTestCases" name="changeLanguageRandomly" time="1.162"/>
  <testcase classname="MyTestCases" name="hotels" time="2.608"/>
  <testcase classname="MyTestCases" name="selectRoom" time="7.652"/>
  <testcase classname="MyTestCases" name="verifyLoading" time="12.357"/>
  <testcase classname="MyTestCases" name="verifyTheLowest" time="0.803"/>
  <testcase classname="MyTestCases" name="checkHotelsTabsNotSelected" time="0.0">
    <ignored/>
  </testcase> <!-- checkHotelsTabsNotSelected -->
  <testcase classname="MyTestCases" name="checkReturnDate" time="0.0">
    <ignored/>
  </testcase> <!-- checkReturnDate -->
  <testcase classname="MyTestCases" name="checkDepartureDate" time="0.0">
    <ignored/>
  </testcase> <!-- checkDepartureDate -->
  <testcase classname="MyTestCases" name="checkCurrency" time="0.0">
    <ignored/>
  </testcase> <!-- checkCurrency -->
  <testcase classname="MyTestCases" name="checkContactNumber" time="0.0">
    <ignored/>
  </testcase> <!-- checkContactNumber -->
  <testcase classname="MyTestCases" name="checkTheLanguage" time="0.0">
    <ignored/>
  </testcase> <!-- checkTheLanguage -->
</testsuite> <!-- Default test -->
