<?xml version="1.0" encoding="UTF-8"?>
<testng-results ignored="6" total="12" passed="6" failed="0" skipped="0">
  <reporter-output>
  </reporter-output>
  <suite started-at="2024-06-30T22:04:10 EET" name="Default suite" finished-at="2024-06-30T22:04:38 EET" duration-ms="27200">
    <groups>
    </groups>
    <test started-at="2024-06-30T22:04:10 EET" name="Default test" finished-at="2024-06-30T22:04:38 EET" duration-ms="27200">
      <class name="MyTestCases">
        <test-method is-config="true" signature="setUp()[pri:0, instance:MyTestCases@3016fd5e]" started-at="2024-06-30T22:04:10 EET" name="setUp" finished-at="2024-06-30T22:04:11 EET" duration-ms="355" status="PASS">
          <reporter-output>
          </reporter-output>
        </test-method> <!-- setUp -->
        <test-method signature="closeWindow()[pri:1, instance:MyTestCases@3016fd5e]" started-at="2024-06-30T22:04:11 EET" name="closeWindow" finished-at="2024-06-30T22:04:13 EET" duration-ms="2197" status="PASS">
          <reporter-output>
          </reporter-output>
        </test-method> <!-- closeWindow -->
        <test-method signature="changeLanguageRandomly()[pri:9, instance:MyTestCases@3016fd5e]" started-at="2024-06-30T22:04:13 EET" name="changeLanguageRandomly" finished-at="2024-06-30T22:04:14 EET" duration-ms="1162" status="PASS">
          <reporter-output>
          </reporter-output>
        </test-method> <!-- changeLanguageRandomly -->
        <test-method signature="hotels()[pri:10, instance:MyTestCases@3016fd5e]" started-at="2024-06-30T22:04:14 EET" name="hotels" finished-at="2024-06-30T22:04:17 EET" duration-ms="2608" status="PASS">
          <reporter-output>
          </reporter-output>
        </test-method> <!-- hotels -->
        <test-method signature="selectRoom()[pri:11, instance:MyTestCases@3016fd5e]" started-at="2024-06-30T22:04:17 EET" name="selectRoom" finished-at="2024-06-30T22:04:24 EET" duration-ms="7652" status="PASS">
          <reporter-output>
          </reporter-output>
        </test-method> <!-- selectRoom -->
        <test-method signature="verifyLoading()[pri:12, instance:MyTestCases@3016fd5e]" started-at="2024-06-30T22:04:24 EET" name="verifyLoading" finished-at="2024-06-30T22:04:37 EET" duration-ms="12357" status="PASS">
          <reporter-output>
          </reporter-output>
        </test-method> <!-- verifyLoading -->
        <test-method signature="verifyTheLowest()[pri:13, instance:MyTestCases@3016fd5e]" started-at="2024-06-30T22:04:37 EET" name="verifyTheLowest" finished-at="2024-06-30T22:04:38 EET" duration-ms="803" status="PASS">
          <reporter-output>
          </reporter-output>
        </test-method> <!-- verifyTheLowest -->
      </class> <!-- MyTestCases -->
    </test> <!-- Default test -->
  </suite> <!-- Default suite -->
</testng-results>
